# JRE version: Java(TM) SE Runtime Environment (8.0_202-b08) (build 1.8.0_202-b08)
# Java VM: Java HotSpot(TM) Client VM (25.202-b08 mixed mode windows-x86 )
Heap:
 def new generation   total 12480K, used 11136K [0x04a00000, 0x05780000, 0x09f50000)
  eden space 11136K, 100% used [0x04a00000, 0x054e0000, 0x054e0000)
  from space 1344K,   0% used [0x054e0000, 0x054e0000, 0x05630000)
  to   space 1344K,   0% used [0x05630000, 0x05633268, 0x05780000)
 tenured generation   total 27512K, used 16506K [0x09f50000, 0x0ba2e000, 0x14a00000)
   the space 27512K,  59% used [0x09f50000, 0x0af6e940, 0x0af6ea00, 0x0ba2e000)
 Metaspace       used 18638K, capacity 19353K, committed 19456K, reserved 19840K
GC Heap History (10 events):
Event: 7.384 GC heap after
Heap after GC invocations=110 (full 2):
 def new generation   total 7488K, used 703K [0x04a00000, 0x05210000, 0x09f50000)
  eden space 6720K,   0% used [0x04a00000, 0x04a00000, 0x05090000)
  from space 768K,  91% used [0x05090000, 0x0513fc48, 0x05150000)
  to   space 768K,   0% used [0x05150000, 0x05150000, 0x05210000)
 tenured generation   total 16448K, used 15997K [0x09f50000, 0x0af60000, 0x14a00000)
   the space 16448K,  97% used [0x09f50000, 0x0aeef780, 0x0aeef800, 0x0af60000)
 Metaspace       used 17845K, capacity 18500K, committed 18560K, reserved 18816K
}
Event: 7.436 GC heap before
{Heap before GC invocations=110 (full 2):
 def new generation   total 7488K, used 7423K [0x04a00000, 0x05210000, 0x09f50000)
  eden space 6720K, 100% used [0x04a00000, 0x05090000, 0x05090000)
  from space 768K,  91% used [0x05090000, 0x0513fc48, 0x05150000)
  to   space 768K,   0% used [0x05150000, 0x05150000, 0x05210000)
 tenured generation   total 16448K, used 15997K [0x09f50000, 0x0af60000, 0x14a00000)
   the space 16448K,  97% used [0x09f50000, 0x0aeef780, 0x0aeef800, 0x0af60000)
 Metaspace       used 17895K, capacity 18544K, committed 18560K, reserved 18816K
Event: 7.438 GC heap after
Heap after GC invocations=111 (full 2):
 def new generation   total 7488K, used 380K [0x04a00000, 0x05210000, 0x09f50000)
  eden space 6720K,   0% used [0x04a00000, 0x04a00000, 0x05090000)
  from space 768K,  49% used [0x05150000, 0x051af048, 0x05210000)
  to   space 768K,   0% used [0x05090000, 0x05090000, 0x05150000)
 tenured generation   total 16448K, used 16193K [0x09f50000, 0x0af60000, 0x14a00000)
   the space 16448K,  98% used [0x09f50000, 0x0af20740, 0x0af20800, 0x0af60000)
 Metaspace       used 17895K, capacity 18544K, committed 18560K, reserved 18816K
}
Event: 7.484 GC heap before
{Heap before GC invocations=111 (full 2):
 def new generation   total 7488K, used 7100K [0x04a00000, 0x05210000, 0x09f50000)
  eden space 6720K, 100% used [0x04a00000, 0x05090000, 0x05090000)
  from space 768K,  49% used [0x05150000, 0x051af048, 0x05210000)
  to   space 768K,   0% used [0x05090000, 0x05090000, 0x05150000)
 tenured generation   total 16448K, used 16193K [0x09f50000, 0x0af60000, 0x14a00000)
   the space 16448K,  98% used [0x09f50000, 0x0af20740, 0x0af20800, 0x0af60000)
 Metaspace       used 18250K, capacity 18937K, committed 18944K, reserved 19840K
Event: 7.486 GC heap after
Heap after GC invocations=112 (full 2):
 def new generation   total 7488K, used 557K [0x04a00000, 0x05210000, 0x09f50000)
  eden space 6720K,   0% used [0x04a00000, 0x04a00000, 0x05090000)
  from space 768K,  72% used [0x05090000, 0x0511b7e8, 0x05150000)
  to   space 768K,   0% used [0x05150000, 0x05150000, 0x05210000)
 tenured generation   total 16448K, used 16193K [0x09f50000, 0x0af60000, 0x14a00000)
   the space 16448K,  98% used [0x09f50000, 0x0af20740, 0x0af20800, 0x0af60000)
 Metaspace       used 18250K, capacity 18937K, committed 18944K, reserved 19840K
}
Event: 7.514 GC heap before
{Heap before GC invocations=112 (full 2):
 def new generation   total 7488K, used 7277K [0x04a00000, 0x05210000, 0x09f50000)
  eden space 6720K, 100% used [0x04a00000, 0x05090000, 0x05090000)
  from space 768K,  72% used [0x05090000, 0x0511b7e8, 0x05150000)
  to   space 768K,   0% used [0x05150000, 0x05150000, 0x05210000)
 tenured generation   total 16448K, used 16193K [0x09f50000, 0x0af60000, 0x14a00000)
   the space 16448K,  98% used [0x09f50000, 0x0af20740, 0x0af20800, 0x0af60000)
 Metaspace       used 18398K, capacity 19097K, committed 19200K, reserved 19840K
Event: 7.516 GC heap after
Heap after GC invocations=113 (full 2):
 def new generation   total 7488K, used 471K [0x04a00000, 0x05210000, 0x09f50000)
  eden space 6720K,   0% used [0x04a00000, 0x04a00000, 0x05090000)
  from space 768K,  61% used [0x05150000, 0x051c5ed0, 0x05210000)
  to   space 768K,   0% used [0x05090000, 0x05090000, 0x05150000)
 tenured generation   total 16448K, used 16412K [0x09f50000, 0x0af60000, 0x14a00000)
   the space 16448K,  99% used [0x09f50000, 0x0af57048, 0x0af57200, 0x0af60000)
 Metaspace       used 18398K, capacity 19097K, committed 19200K, reserved 19840K
}
Event: 7.568 GC heap before
{Heap before GC invocations=113 (full 2):
 def new generation   total 7488K, used 7191K [0x04a00000, 0x05210000, 0x09f50000)
  eden space 6720K, 100% used [0x04a00000, 0x05090000, 0x05090000)
  from space 768K,  61% used [0x05150000, 0x051c5ed0, 0x05210000)
  to   space 768K,   0% used [0x05090000, 0x05090000, 0x05150000)
 tenured generation   total 16448K, used 16412K [0x09f50000, 0x0af60000, 0x14a00000)
   the space 16448K,  99% used [0x09f50000, 0x0af57048, 0x0af57200, 0x0af60000)
 Metaspace       used 18532K, capacity 19227K, committed 19328K, reserved 19840K
Event: 7.603 GC heap after
Heap after GC invocations=114 (full 3):
 def new generation   total 12480K, used 0K [0x04a00000, 0x05780000, 0x09f50000)
  eden space 11136K,   0% used [0x04a00000, 0x04a00000, 0x054e0000)
  from space 1344K,   0% used [0x054e0000, 0x054e0000, 0x05630000)
  to   space 1344K,   0% used [0x05630000, 0x05630000, 0x05780000)
 tenured generation   total 27512K, used 16506K [0x09f50000, 0x0ba2e000, 0x14a00000)
   the space 27512K,  59% used [0x09f50000, 0x0af6e940, 0x0af6ea00, 0x0ba2e000)
 Metaspace       used 18532K, capacity 19227K, committed 19328K, reserved 19840K
}
Event: 7.682 GC heap before
{Heap before GC invocations=114 (full 3):
 def new generation   total 12480K, used 11136K [0x04a00000, 0x05780000, 0x09f50000)
  eden space 11136K, 100% used [0x04a00000, 0x054e0000, 0x054e0000)
  from space 1344K,   0% used [0x054e0000, 0x054e0000, 0x05630000)
  to   space 1344K,   0% used [0x05630000, 0x05630000, 0x05780000)
 tenured generation   total 27512K, used 16506K [0x09f50000, 0x0ba2e000, 0x14a00000)
   the space 27512K,  59% used [0x09f50000, 0x0af6e940, 0x0af6ea00, 0x0ba2e000)
 Metaspace       used 18638K, capacity 19353K, committed 19456K, reserved 19840K

