# JRE version: Java(TM) SE Runtime Environment (8.0_202-b08) (build 1.8.0_202-b08)
# Java VM: Java HotSpot(TM) Client VM (25.202-b08 mixed mode windows-x86 )
Heap:
 def new generation   total 46272K, used 40769K [0x05000000, 0x08230000, 0x0a550000)
  eden space 41152K,  94% used [0x05000000, 0x07609f88, 0x07830000)
  from space 5120K,  35% used [0x07830000, 0x079f6668, 0x07d30000)
  to   space 5120K,   0% used [0x07d30000, 0x07d30000, 0x08230000)
 tenured generation   total 102576K, used 76420K [0x0a550000, 0x1097c000, 0x15000000)
   the space 102576K,  74% used [0x0a550000, 0x0eff1320, 0x0eff1400, 0x1097c000)
 Metaspace       used 57806K, capacity 59809K, committed 59904K, reserved 60800K
GC Heap History (10 events):
Event: 24.219 GC heap before
{Heap before GC invocations=231 (full 6):
 def new generation   total 46272K, used 44094K [0x05000000, 0x08230000, 0x0a550000)
  eden space 41152K, 100% used [0x05000000, 0x07830000, 0x07830000)
  from space 5120K,  57% used [0x07d30000, 0x0800f868, 0x08230000)
  to   space 5120K,   0% used [0x07830000, 0x07830000, 0x07d30000)
 tenured generation   total 102576K, used 69266K [0x0a550000, 0x1097c000, 0x15000000)
   the space 102576K,  67% used [0x0a550000, 0x0e8f4b58, 0x0e8f4c00, 0x1097c000)
 Metaspace       used 52716K, capacity 54476K, committed 54528K, reserved 54656K
Event: 24.229 GC heap after
Heap after GC invocations=232 (full 6):
 def new generation   total 46272K, used 1978K [0x05000000, 0x08230000, 0x0a550000)
  eden space 41152K,   0% used [0x05000000, 0x05000000, 0x07830000)
  from space 5120K,  38% used [0x07830000, 0x07a1e940, 0x07d30000)
  to   space 5120K,   0% used [0x07d30000, 0x07d30000, 0x08230000)
 tenured generation   total 102576K, used 70691K [0x0a550000, 0x1097c000, 0x15000000)
   the space 102576K,  68% used [0x0a550000, 0x0ea58dd0, 0x0ea58e00, 0x1097c000)
 Metaspace       used 52716K, capacity 54476K, committed 54528K, reserved 54656K
}
Event: 24.518 GC heap before
{Heap before GC invocations=232 (full 6):
 def new generation   total 46272K, used 43130K [0x05000000, 0x08230000, 0x0a550000)
  eden space 41152K, 100% used [0x05000000, 0x07830000, 0x07830000)
  from space 5120K,  38% used [0x07830000, 0x07a1e940, 0x07d30000)
  to   space 5120K,   0% used [0x07d30000, 0x07d30000, 0x08230000)
 tenured generation   total 102576K, used 70691K [0x0a550000, 0x1097c000, 0x15000000)
   the space 102576K,  68% used [0x0a550000, 0x0ea58dd0, 0x0ea58e00, 0x1097c000)
 Metaspace       used 53891K, capacity 55768K, committed 55808K, reserved 56704K
Event: 24.527 GC heap after
Heap after GC invocations=233 (full 6):
 def new generation   total 46272K, used 3584K [0x05000000, 0x08230000, 0x0a550000)
  eden space 41152K,   0% used [0x05000000, 0x05000000, 0x07830000)
  from space 5120K,  70% used [0x07d30000, 0x080b0318, 0x08230000)
  to   space 5120K,   0% used [0x07830000, 0x07830000, 0x07d30000)
 tenured generation   total 102576K, used 70691K [0x0a550000, 0x1097c000, 0x15000000)
   the space 102576K,  68% used [0x0a550000, 0x0ea58dd0, 0x0ea58e00, 0x1097c000)
 Metaspace       used 53891K, capacity 55768K, committed 55808K, reserved 56704K
}
Event: 24.819 GC heap before
{Heap before GC invocations=233 (full 6):
 def new generation   total 46272K, used 44736K [0x05000000, 0x08230000, 0x0a550000)
  eden space 41152K, 100% used [0x05000000, 0x07830000, 0x07830000)
  from space 5120K,  70% used [0x07d30000, 0x080b0318, 0x08230000)
  to   space 5120K,   0% used [0x07830000, 0x07830000, 0x07d30000)
 tenured generation   total 102576K, used 70691K [0x0a550000, 0x1097c000, 0x15000000)
   the space 102576K,  68% used [0x0a550000, 0x0ea58dd0, 0x0ea58e00, 0x1097c000)
 Metaspace       used 55433K, capacity 57290K, committed 57344K, reserved 57728K
Event: 24.833 GC heap after
Heap after GC invocations=234 (full 6):
 def new generation   total 46272K, used 4470K [0x05000000, 0x08230000, 0x0a550000)
  eden space 41152K,   0% used [0x05000000, 0x05000000, 0x07830000)
  from space 5120K,  87% used [0x07830000, 0x07c8db30, 0x07d30000)
  to   space 5120K,   0% used [0x07d30000, 0x07d30000, 0x08230000)
 tenured generation   total 102576K, used 71986K [0x0a550000, 0x1097c000, 0x15000000)
   the space 102576K,  70% used [0x0a550000, 0x0eb9c928, 0x0eb9ca00, 0x1097c000)
 Metaspace       used 55433K, capacity 57290K, committed 57344K, reserved 57728K
}
Event: 25.184 GC heap before
{Heap before GC invocations=234 (full 6):
 def new generation   total 46272K, used 45622K [0x05000000, 0x08230000, 0x0a550000)
  eden space 41152K, 100% used [0x05000000, 0x07830000, 0x07830000)
  from space 5120K,  87% used [0x07830000, 0x07c8db30, 0x07d30000)
  to   space 5120K,   0% used [0x07d30000, 0x07d30000, 0x08230000)
 tenured generation   total 102576K, used 71986K [0x0a550000, 0x1097c000, 0x15000000)
   the space 102576K,  70% used [0x0a550000, 0x0eb9c928, 0x0eb9ca00, 0x1097c000)
 Metaspace       used 56613K, capacity 58519K, committed 58624K, reserved 58752K
Event: 25.196 GC heap after
Heap after GC invocations=235 (full 6):
 def new generation   total 46272K, used 2653K [0x05000000, 0x08230000, 0x0a550000)
  eden space 41152K,   0% used [0x05000000, 0x05000000, 0x07830000)
  from space 5120K,  51% used [0x07d30000, 0x07fc7598, 0x08230000)
  to   space 5120K,   0% used [0x07830000, 0x07830000, 0x07d30000)
 tenured generation   total 102576K, used 75171K [0x0a550000, 0x1097c000, 0x15000000)
   the space 102576K,  73% used [0x0a550000, 0x0eeb8dc8, 0x0eeb8e00, 0x1097c000)
 Metaspace       used 56613K, capacity 58519K, committed 58624K, reserved 58752K
}
Event: 25.496 GC heap before
{Heap before GC invocations=235 (full 6):
 def new generation   total 46272K, used 43805K [0x05000000, 0x08230000, 0x0a550000)
  eden space 41152K, 100% used [0x05000000, 0x07830000, 0x07830000)
  from space 5120K,  51% used [0x07d30000, 0x07fc7598, 0x08230000)
  to   space 5120K,   0% used [0x07830000, 0x07830000, 0x07d30000)
 tenured generation   total 102576K, used 75171K [0x0a550000, 0x1097c000, 0x15000000)
   the space 102576K,  73% used [0x0a550000, 0x0eeb8dc8, 0x0eeb8e00, 0x1097c000)
 Metaspace       used 57202K, capacity 59120K, committed 59264K, reserved 59776K
Event: 25.504 GC heap after
Heap after GC invocations=236 (full 6):
 def new generation   total 46272K, used 1817K [0x05000000, 0x08230000, 0x0a550000)
  eden space 41152K,   0% used [0x05000000, 0x05000000, 0x07830000)
  from space 5120K,  35% used [0x07830000, 0x079f6668, 0x07d30000)
  to   space 5120K,   0% used [0x07d30000, 0x07d30000, 0x08230000)
 tenured generation   total 102576K, used 76420K [0x0a550000, 0x1097c000, 0x15000000)
   the space 102576K,  74% used [0x0a550000, 0x0eff1320, 0x0eff1400, 0x1097c000)
 Metaspace       used 57202K, capacity 59120K, committed 59264K, reserved 59776K
}

